Arguments: 
  C:\Program Files\nodejs\node.exe C:\Users\ALIF\AppData\Roaming\npm\node_modules\yarn\bin\yarn.js add nuxt @nuxjs/axios @nuxtjs/vuetify

PATH: 
  C:\WINDOWS\system32\config\systemprofile\AppData\Roaming\Composer\vendor\bin;C:\Program Files (x86)\Common Files\Oracle\Java\javapath;C:\Program Files\Java\jdk-14.0.1\bin;C:\WINDOWS\system32;C:\WINDOWS;C:\WINDOWS\System32\Wbem;C:\WINDOWS\System32\WindowsPowerShell\v1.0\;C:\WINDOWS\System32\OpenSSH\;C:\Program Files\nodejs\;C:\Program Files\Git\cmd;C:\xampp\php;C:\ProgramData\ComposerSetup\bin;C:\Program Files\Microsoft SQL Server\Client SDK\ODBC\110\Tools\Binn\;C:\Program Files (x86)\Microsoft SQL Server\120\Tools\Binn\;C:\Program Files\Microsoft SQL Server\120\Tools\Binn\;C:\Program Files\Microsoft SQL Server\120\DTS\Binn\;C:\Program Files (x86)\Windows Kits\8.1\Windows Performance Toolkit\;C:\Program Files\Cloud Foundry;C:\Program Files\Dart\dart-sdk\bin;C:\Program Files\Gradle\gradle-6.8\bin;C:\MinGW\bin;C:\Program Files\OpenVPN\bin;C:\Program Files\MATLAB\R2021a\bin;C:\src\flutter\bin;C:\Program Files\PostgreSQL\12\bin;C:\Windows\System32;C:\Users\ALIF\AppData\Local\Microsoft\WindowsApps;C:\Users\ALIF\AppData\Local\Programs\MiKTeX 2.9\miktex\bin\x64\;C:\Users\ALIF\AppData\Roaming\npm;C:\Users\ALIF\AppData\Roaming\Composer\vendor\bin;C:\Program Files\heroku\bin;C:\Program Files\JetBrains\IntelliJ IDEA Community Edition 2020.2.1\bin;;C:\Users\ALIF\AppData\Local\Programs\Microsoft VS Code\bin;C:\Users\ALIF\AppData\Local\Google\Cloud SDK\google-cloud-sdk\bin;C:\Program Files\JetBrains\IntelliJ IDEA 2020.3.3\bin;;C:\Users\ALIF\AppData\Roaming\Composer\vendor\bin;

Yarn version: 
  1.22.15

Node version: 
  12.18.3

Platform: 
  win32 x64

Trace: 
  Error: https://registry.yarnpkg.com/@nuxjs%2faxios: Not found
      at Request.params.callback [as _callback] (C:\Users\ALIF\AppData\Roaming\npm\node_modules\yarn\lib\cli.js:66140:18)
      at Request.self.callback (C:\Users\ALIF\AppData\Roaming\npm\node_modules\yarn\lib\cli.js:140885:22)
      at Request.emit (events.js:315:20)
      at Request.<anonymous> (C:\Users\ALIF\AppData\Roaming\npm\node_modules\yarn\lib\cli.js:141857:10)
      at Request.emit (events.js:315:20)
      at IncomingMessage.<anonymous> (C:\Users\ALIF\AppData\Roaming\npm\node_modules\yarn\lib\cli.js:141779:12)
      at Object.onceWrapper (events.js:421:28)
      at IncomingMessage.emit (events.js:327:22)
      at endReadableNT (_stream_readable.js:1220:12)
      at processTicksAndRejections (internal/process/task_queues.js:84:21)

npm manifest: 
  No manifest

yarn manifest: 
  No manifest

Lockfile: 
  No lockfile
